-------------------------------------------------------------------------------
Test set: Test_add_product_to_cart
-------------------------------------------------------------------------------
Tests run: 4, Failures: 1, Errors: 2, Skipped: 0, Time elapsed: 10.166 s <<< FAILURE! - in Test_add_product_to_cart
select_the_product  Time elapsed: 0.048 s  <<< ERROR!
java.lang.IndexOutOfBoundsException: Index: 1, Size: 0
	at Test_add_product_to_cart.select_the_product(Test_add_product_to_cart.java:25)

add_product_to_cart  Time elapsed: 0.046 s  <<< ERROR!
org.openqa.selenium.NoSuchElementException: 
no such element: Unable to locate element: {"method":"css selector","selector":"#add\-to\-cart\-button"}
  (Session info: chrome=98.0.4758.102)
For documentation on this error, please visit: https://www.seleniumhq.org/exceptions/no_such_element.html
Build info: version: '3.141.59', revision: 'e82be7d358', time: '2018-11-14T08:17:03'
System info: host: 'DESKTOP-9JUUH2E', ip: '192.168.1.9', os.name: 'Windows 10', os.arch: 'amd64', os.version: '10.0', java.version: '1.8.0_281'
Driver info: org.openqa.selenium.chrome.ChromeDriver
Capabilities {acceptInsecureCerts: false, browserName: chrome, browserVersion: 98.0.4758.102, chrome: {chromedriverVersion: 98.0.4758.102 (273bf7ac8c90..., userDataDir: C:\Users\Dell\AppData\Local...}, goog:chromeOptions: {debuggerAddress: localhost:55855}, javascriptEnabled: true, networkConnectionEnabled: false, pageLoadStrategy: normal, platform: WINDOWS, platformName: WINDOWS, proxy: Proxy(), setWindowRect: true, strictFileInteractability: false, timeouts: {implicit: 0, pageLoad: 300000, script: 30000}, unhandledPromptBehavior: dismiss and notify, webauthn:extension:credBlob: true, webauthn:extension:largeBlob: true, webauthn:virtualAuthenticators: true}
Session ID: ae49f54fe1465ecb48a9012a75056783
*** Element info: {Using=id, value=add-to-cart-button}
	at Test_add_product_to_cart.add_product_to_cart(Test_add_product_to_cart.java:32)

view_cart  Time elapsed: 0.877 s  <<< FAILURE!
org.opentest4j.AssertionFailedError: Product didnt added to cart ==> expected: <true> but was: <false>
	at Test_add_product_to_cart.view_cart(Test_add_product_to_cart.java:41)

